<?xml version="1.0" encoding="UTF-8"?>
<testng-results skipped="0" failed="0" ignored="0" total="2" passed="2">
  <reporter-output>
  </reporter-output>
  <suite name="Suite" duration-ms="37" started-at="2017-10-27T16:55:39Z" finished-at="2017-10-27T16:55:39Z">
    <groups>
    </groups>
    <test name="Test" duration-ms="37" started-at="2017-10-27T16:55:39Z" finished-at="2017-10-27T16:55:39Z">
      <class name="nitika.neimai.demo">
        <test-method status="PASS" signature="testing()[pri:0, instance:nitika.neimai.demo@c64813]" name="testing" duration-ms="0" started-at="2017-10-27T12:55:39Z" finished-at="2017-10-27T12:55:39Z">
          <reporter-output>
          </reporter-output>
        </test-method> <!-- testing -->
      </class> <!-- nitika.neimai.demo -->
      <class name="nitika.neimai.pleasure">
        <test-method status="PASS" signature="casse()[pri:0, instance:nitika.neimai.pleasure@13b6d03]" name="casse" duration-ms="8" started-at="2017-10-27T12:55:39Z" finished-at="2017-10-27T12:55:39Z">
          <reporter-output>
          </reporter-output>
        </test-method> <!-- casse -->
      </class> <!-- nitika.neimai.pleasure -->
    </test> <!-- Test -->
  </suite> <!-- Suite -->
</testng-results>
